#
# A fatal error has been detected by the Java Runtime Environment:
#
#  EXCEPTION_ACCESS_VIOLATION (0xc0000005) at pc=0x000002028df1bc03, pid=18156, tid=19564
#
# JRE version: OpenJDK Runtime Environment JBR-17.0.6+10-829.9-jcef (17.0.6+10) (build 17.0.6+10-b829.9)
# Java VM: OpenJDK 64-Bit Server VM JBR-17.0.6+10-829.9-jcef (17.0.6+10-b829.9, mixed mode, tiered, compressed oops, compressed class ptrs, g1 gc, windows-amd64)
# Problematic frame:
# j  jdk.internal.net.http.common.SSLTube.<init>(Ljavax/net/ssl/SSLEngine;Ljava/util/concurrent/Executor;Ljava/util/function/Consumer;Ljdk/internal/net/http/common/FlowTube;)V+47 java.net.http@17.0.6
#
# No core dump will be written. Minidumps are not enabled by default on client versions of Windows
#
# If you would like to submit a bug report, please visit:
#   https://youtrack.jetbrains.com/issues/JBR
#

---------------  S U M M A R Y ------------

Command Line: git4idea.http.GitAskPassApp Username for 'https://github.com': 

Host: AMD Ryzen 5 3600 6-Core Processor              , 12 cores, 15G,  Windows 11 , 64 bit Build 22621 (10.0.22621.1635)
Time: Thu May 25 00:05:18 2023 ora legale Europa occidentale elapsed time: 0.385000 seconds (0d 0h 0m 0s)

---------------  T H R E A D  ---------------

Current thread (0x00000202a33de610):  JavaThread "HttpClient-1-Worker-0" daemon [_thread_in_Java, id=19564, stack(0x00000030b5e00000,0x00000030b5f00000)]

Stack: [0x00000030b5e00000,0x00000030b5f00000],  sp=0x00000030b5efed68,  free space=1019k
Native frames: (J=compiled Java code, j=interpreted, Vv=VM code, C=native code)
C  0x000002028df1bc03


siginfo: EXCEPTION_ACCESS_VIOLATION (0xc0000005), reading address 0x0000000202a2e30b


Register to memory mapping:

RIP=0x000002028df1bc03 is at code_begin+451 in an Interpreter codelet
checkcast  192 checkcast  [0x000002028df1ba40, 0x000002028df1bc80]  576 bytes
RAX=0x00000008001571a0 is a pointer to class: 
jdk.internal.net.http.common.FlowTube {0x00000008001571a8}
 - instance size:     2
 - klass size:        68
 - access:            public interface abstract 
 - state:             fully_initialized
 - name:              'jdk/internal/net/http/common/FlowTube'
 - super:             'java/lang/Object'
 - sub:               
 - nof implementors:  2
 - arrays:            NULL
 - methods:           Array<T>(0x00000202a4015650)
 - method ordering:   Array<T>(0x00000202a2400018)
 - default_methods:   Array<T>(0x0000000000000000)
 - local interfaces:  Array<T>(0x00000202a4014ae8)
 - trans. interfaces: Array<T>(0x00000202a4014ae8)
 - constants:         constant pool [101] {0x00000202a4015280} for 'jdk/internal/net/http/common/FlowTube' cache=0x00000202a4025588
 - class loader data:  loader data: 0x00000202a2c8c690 for instance a 'jdk/internal/loader/ClassLoaders$PlatformClassLoader'{0x000000071105d8e8}
 - source file:       'FlowTube.java'
 - class annotations:       Array<T>(0x0000000000000000)
 - class type annotations:  Array<T>(0x0000000000000000)
 - field annotations:       Array<T>(0x0000000000000000)
 - field type annotations:  Array<T>(0x0000000000000000)
 - generic signature: 'Ljava/lang/Object;Ljava/util/concurrent/Flow$Publisher<Ljava/util/List<Ljava/nio/ByteBuffer;>;>;Ljava/util/concurrent/Flow$Subscriber<Ljava/util/List<Ljava/nio/ByteBuffer;>;>;'
 - inner classes:     Array<T>(0x00000202a4014e58)
 - nest members:     Array<T>(0x00000202a4014ea8)
 - permitted subclasses:     Array<T>(0x00000202a2400028)
 - java mirror:       a 'java/lang/Class'{0x0000000710999b00} = 'jdk/internal/net/http/common/FlowTube'
 - vtable length      5  (start addr: 0x0000000800157390)
 - itable length      0 (start addr: 0x00000008001573b8)
 - ---- static fields (0 words):
 - ---- non-static fields (0 words):
 - non-static oop maps: 
RBX=0x0000000800000af1 is pointing into metadata
RCX=0x0000000000000020 is an unknown value
RDX=0x00000007109dead0 is pointing into object: java.nio.HeapByteBuffer 
{0x00000007109deab8} - klass: 'java/nio/HeapByteBuffer'
 - ---- fields (total size 7 words):
 - private 'mark' 'I' @12  -1 (ffffffff)
 - 'address' 'J' @16  16 (10 0)
 - private 'position' 'I' @24  4
 - private 'limit' 'I' @28  29 (1d)
 - private 'capacity' 'I' @32  2801 (af1)
 - final 'segment' 'Ljdk/internal/access/foreign/MemorySegmentProxy;' @36  NULL (0)
 - final 'offset' 'I' @40  0
 - 'isReadOnly' 'Z' @44  false
 - 'bigEndian' 'Z' @45  false
 - 'nativeByteOrder' 'Z' @46  true
 - final 'hb' '[B' @48  [B{0x00000007109ddfb0} (e213bbf6)
RSP=0x00000030b5efed68 is pointing into the stack for thread: 0x00000202a33de610
RBP=0x00000030b5efedc0 is pointing into the stack for thread: 0x00000202a33de610
RSI=0x00000202a26c9ef8 is pointing into metadata
RDI=0x0000000202a2e30b is an unknown value
R8 =0x0000000000000004 is an unknown value
R9 =0x0000000000000004 is an unknown value
R10=0x0000000800000000 is pointing into metadata
R11=0x00000202a403e700 is pointing into metadata
R12=0x0 is NULL
R13=0x00000202a403f67f is pointing into metadata
R14=0x00000030b5efedf0 is pointing into the stack for thread: 0x00000202a33de610
R15=0x00000202a33de610 is a thread


Registers:
RAX=0x00000008001571a0, RBX=0x0000000800000af1, RCX=0x0000000000000020, RDX=0x00000007109dead0
RSP=0x00000030b5efed68, RBP=0x00000030b5efedc0, RSI=0x00000202a26c9ef8, RDI=0x0000000202a2e30b
R8 =0x0000000000000004, R9 =0x0000000000000004, R10=0x0000000800000000, R11=0x00000202a403e700
R12=0x0000000000000000, R13=0x00000202a403f67f, R14=0x00000030b5efedf0, R15=0x00000202a33de610
RIP=0x000002028df1bc03, EFLAGS=0x0000000000010246

Top of Stack: (sp=0x00000030b5efed68)
0x00000030b5efed68:   0000000000016b46 00000007107055f0
0x00000030b5efed78:   00000030b5efed78 00000202a403f67f
0x00000030b5efed88:   00000030b5efedf0 00000202a4043790
0x00000030b5efed98:   0000000000000000 00000007106ec070
0x00000030b5efeda8:   00000202a403f710 0000000000000000
0x00000030b5efedb8:   00000030b5efedd0 00000030b5efee50
0x00000030b5efedc8:   000002028df094fe 00000007109dead0
0x00000030b5efedd8:   000000071070bcb0 0000000710a0ffa8
0x00000030b5efede8:   00000007109a3520 00000007107055f0
0x00000030b5efedf8:   00000007107055f0 000000071099b070
0x00000030b5efee08:   00000030b5efee08 00000202a400eba8
0x00000030b5efee18:   00000030b5efee68 00000202a4015f18
0x00000030b5efee28:   0000000000000000 00000007109766a0
0x00000030b5efee38:   00000202a400ebd8 00000030b5efedd0
0x00000030b5efee48:   00000030b5efee60 00000030b5efeeb8
0x00000030b5efee58:   000002028df09657 0000000000000000 

Instructions: (pc=0x000002028df1bc03)
0x000002028df1bb03:   00 e9 f7 53 fe ff 4c 8b 6d c0 4c 8b 75 c8 c3 49
0x000002028df1bb13:   8b 87 e8 02 00 00 49 c7 87 e8 02 00 00 00 00 00
0x000002028df1bb23:   00 5a eb 11 48 8b d0 66 8b 5c d9 48 48 8b 49 28
0x000002028df1bb33:   48 8b 44 d9 08 8b 5a 08 49 ba 00 00 00 00 08 00
0x000002028df1bb43:   00 00 49 03 da 48 8b 4d d8 48 85 c9 0f 84 8a 00
0x000002028df1bb53:   00 00 48 8b 79 18 48 3b fb 0f 85 0f 00 00 00 48
0x000002028df1bb63:   83 41 20 01 48 83 59 20 00 e9 66 00 00 00 48 85
0x000002028df1bb73:   ff 0f 84 37 00 00 00 48 8b 79 28 48 3b fb 0f 85
0x000002028df1bb83:   0f 00 00 00 48 83 41 30 01 48 83 59 30 00 e9 41
0x000002028df1bb93:   00 00 00 48 85 ff 0f 85 38 00 00 00 48 89 59 28
0x000002028df1bba3:   bf 01 00 00 00 48 89 79 30 e9 26 00 00 00 48 3b
0x000002028df1bbb3:   59 28 0f 85 0f 00 00 00 48 83 41 30 01 48 83 59
0x000002028df1bbc3:   30 00 e9 0d 00 00 00 48 89 59 18 bf 01 00 00 00
0x000002028df1bbd3:   48 89 79 20 48 83 c1 38 48 89 4d d8 48 3b d8 0f
0x000002028df1bbe3:   84 56 00 00 00 8b 48 14 48 3b 04 0b 0f 84 49 00
0x000002028df1bbf3:   00 00 83 f9 20 0f 85 1d 00 00 00 57 48 8b 7b 28
0x000002028df1bc03:   8b 0f 48 83 c7 08 48 85 c0 f2 48 af 5f 75 09 48
0x000002028df1bc13:   89 43 20 e9 23 00 00 00 48 8b 4d d8 48 85 c9 0f
0x000002028df1bc23:   84 10 00 00 00 48 83 41 d0 ff 0f 88 05 00 00 00
0x000002028df1bc33:   48 83 41 d0 01 52 e9 9d 06 ff ff 48 8b c2 e9 19
0x000002028df1bc43:   00 00 00 48 8b 4d d8 48 85 c9 0f 84 0c 00 00 00
0x000002028df1bc53:   80 49 01 01 48 83 c1 38 48 89 4d d8 41 0f b6 5d
0x000002028df1bc63:   03 49 83 c5 03 49 ba 90 6c da 01 fc 7f 00 00 41
0x000002028df1bc73:   ff 24 da 66 90 00 00 00 00 00 00 00 00 40 c1 b1
0x000002028df1bc83:   01 fc 7f 00 00 80 02 00 00 c1 00 00 00 00 00 00
0x000002028df1bc93:   00 00 00 00 00 00 00 00 00 00 00 00 00 58 48 85
0x000002028df1bca3:   c0 0f 84 09 02 00 00 48 8b 4d e8 48 8b 49 08 48
0x000002028df1bcb3:   8b 49 08 48 8b 51 08 41 0f b7 5d 01 0f cb c1 eb
0x000002028df1bcc3:   10 80 7c 1a 04 07 0f 84 c8 00 00 00 50 e8 05 00
0x000002028df1bcd3:   00 00 e9 98 00 00 00 48 8d 44 24 08 4c 89 6d c0
0x000002028df1bce3:   49 8b cf c5 f8 77 49 89 af 98 02 00 00 49 89 87
0x000002028df1bcf3:   88 02 00 00 48 83 ec 20 f7 c4 0f 00 00 00 0f 84 


Stack slot to memory mapping:
stack at sp + 0 slots: 0x0000000000016b46 is an unknown value
stack at sp + 1 slots: 0x00000007107055f0 is an oop: jdk.internal.net.http.common.SSLTube 
{0x00000007107055f0} - klass: 'jdk/internal/net/http/common/SSLTube'
 - ---- fields (total size 6 words):
 - private volatile 'finished' 'Z' @12  false
 - final 'debug' 'Ljdk/internal/net/http/common/Logger;' @16  a 'jdk/internal/net/http/common/DebugLogger'{0x0000000710dd1f08} (e21ba3e1)
 - private final 'tube' 'Ljdk/internal/net/http/common/FlowTube;' @20  NULL (0)
 - private final 'readSubscriber' 'Ljdk/internal/net/http/common/SSLTube$SSLSubscriberWrapper;' @24  NULL (0)
 - private final 'writeSubscription' 'Ljdk/internal/net/http/common/SSLTube$SSLSubscriptionWrapper;' @28  NULL (0)
 - private final 'sslDelegate' 'Ljdk/internal/net/http/common/SSLFlowDelegate;' @32  NULL (0)
 - private final 'engine' 'Ljavax/net/ssl/SSLEngine;' @36  NULL (0)
 - private volatile 'readSubscription' 'Ljava/util/concurrent/Flow$Subscription;' @40  NULL (0)
 - private final 'writeDemand' 'Ljdk/internal/net/http/common/Demand;' @44  a 'jdk/internal/net/http/common/Demand'{0x000000071070e908} (e20e1d21)
stack at sp + 2 slots: 0x00000030b5efed78 is pointing into the stack for thread: 0x00000202a33de610
stack at sp + 3 slots: 0x00000202a403f67f is pointing into metadata
stack at sp + 4 slots: 0x00000030b5efedf0 is pointing into the stack for thread: 0x00000202a33de610
stack at sp + 5 slots: 0x00000202a4043790 is pointing into metadata
stack at sp + 6 slots: 0x0 is NULL
stack at sp + 7 slots: 0x00000007106ec070 is an oop: java.lang.Class 
{0x00000007106ec070} - klass: 'java/lang/Class'
 - ---- fields (total size 15 words):
 - private volatile transient 'classRedefinedCount' 'I' @12  0
 - private volatile transient 'cachedConstructor' 'Ljava/lang/reflect/Constructor;' @40  NULL (0)
 - private transient 'name' 'Ljava/lang/String;' @44  "jdk.internal.net.http.common.SSLTube"{0x00000007106ec0f8} (e20dd81f)
 - private transient 'module' 'Ljava/lang/Module;' @48  a 'java/lang/Module'{0x0000000711157060} (e222ae0c)
 - private final 'classLoader' 'Ljava/lang/ClassLoader;' @52  a 'jdk/internal/loader/ClassLoaders$PlatformClassLoader'{0x000000071105d8e8} (e220bb1d)
 - private transient 'classData' 'Ljava/lang/Object;' @56  NULL (0)
 - private transient 'packageName' 'Ljava/lang/String;' @60  "jdk.internal.net.http.common"{0x0000000711047bb8} (e2208f77)
 - private final 'componentType' 'Ljava/lang/Class;' @64  NULL (0)
 - private volatile transient 'reflectionData' 'Ljava/lang/ref/SoftReference;' @68  NULL (0)
 - private volatile transient 'genericInfo' 'Lsun/reflect/generics/repository/ClassRepository;' @72  NULL (0)
 - private volatile transient 'enumConstants' '[Ljava/lang/Object;' @76  NULL (0)
 - private volatile transient 'enumConstantDirectory' 'Ljava/util/Map;' @80  NULL (0)
 - private volatile transient 'annotationData' 'Ljava/lang/Class$AnnotationData;' @84  NULL (0)
 - private volatile transient 'annotationType' 'Lsun/reflect/annotation/AnnotationType;' @88  NULL (0)
 - transient 'classValueMap' 'Ljava/lang/ClassValue$ClassValueMap;' @92  NULL (0)
 - signature: Ljdk/internal/net/http/common/SSLTube;
 - fake entry for mirror: 'jdk/internal/net/http/common/SSLTube'
 - fake entry for array: NULL
 - fake entry for oop_size: 15
 - fake entry for static_oop_field_count: 0
 - static final synthetic '$assertionsDisabled' 'Z' @112  true

checkcast  192 checkcast  [0x000002028df1ba40, 0x000002028df1bc80]  576 bytes
[MachCode]
  0x000002028df1ba40: 5848 85c0 | 0f84 fc01 | 0000 488b | 4de8 488b | 4908 488b | 4908 488b | 5108 410f | b75d 010f 
  0x000002028df1ba60: cbc1 eb10 | 807c 1a04 | 070f 84b8 | 0000 0050 | e805 0000 | 00e9 9800 | 0000 488d | 4424 084c 
  0x000002028df1ba80: 896d c049 | 8bcf c5f8 | 7749 89af | 9802 0000 | 4989 8788 | 0200 0048 | 83ec 20f7 | c40f 0000 
  0x000002028df1baa0: 000f 841a | 0000 0048 | 83ec 0849 | ba20 7757 | 01fc 7f00 | 0041 ffd2 | 4883 c408 | e90d 0000 
  0x000002028df1bac0: 0049 ba20 | 7757 01fc | 7f00 0041 | ffd2 4883 | c420 49c7 | 8788 0200 | 0000 0000 | 0049 c787 
  0x000002028df1bae0: 9802 0000 | 0000 0000 | 49c7 8790 | 0200 0000 | 0000 00c5 | f877 4981 | 7f08 0000 | 0000 0f84 
  0x000002028df1bb00: 0500 0000 | e9f7 53fe | ff4c 8b6d | c04c 8b75 | c8c3 498b | 87e8 0200 | 0049 c787 | e802 0000 
  0x000002028df1bb20: 0000 0000 | 5aeb 1148 | 8bd0 668b | 5cd9 4848 | 8b49 2848 | 8b44 d908 | 8b5a 0849 | ba00 0000 
  0x000002028df1bb40: 0008 0000 | 0049 03da | 488b 4dd8 | 4885 c90f | 848a 0000 | 0048 8b79 | 1848 3bfb | 0f85 0f00 
  0x000002028df1bb60: 0000 4883 | 4120 0148 | 8359 2000 | e966 0000 | 0048 85ff | 0f84 3700 | 0000 488b | 7928 483b 
  0x000002028df1bb80: fb0f 850f | 0000 0048 | 8341 3001 | 4883 5930 | 00e9 4100 | 0000 4885 | ff0f 8538 | 0000 0048 
  0x000002028df1bba0: 8959 28bf | 0100 0000 | 4889 7930 | e926 0000 | 0048 3b59 | 280f 850f | 0000 0048 | 8341 3001 
  0x000002028df1bbc0: 4883 5930 | 00e9 0d00 | 0000 4889 | 5918 bf01 | 0000 0048 | 8979 2048 | 83c1 3848 | 894d d848 
  0x000002028df1bbe0: 3bd8 0f84 | 5600 0000 | 8b48 1448 | 3b04 0b0f | 8449 0000 | 0083 f920 | 0f85 1d00 | 0000 5748 
  0x000002028df1bc00: 8b7b 288b | 0f48 83c7 | 0848 85c0 | f248 af5f | 7509 4889 | 4320 e923 | 0000 0048 | 8b4d d848 
  0x000002028df1bc20: 85c9 0f84 | 1000 0000 | 4883 41d0 | ff0f 8805 | 0000 0048 | 8341 d001 | 52e9 9d06 | ffff 488b 
  0x000002028df1bc40: c2e9 1900 | 0000 488b | 4dd8 4885 | c90f 840c | 0000 0080 | 4901 0148 | 83c1 3848 | 894d d841 
  0x000002028df1bc60: 0fb6 5d03 | 4983 c503 | 49ba 906c | da01 fc7f | 0000 41ff | 24da 6690 | 0000 0000 | 0000 0000 
[/MachCode]

---------------  P R O C E S S  ---------------

Threads class SMR info:
_java_thread_list=0x00000202a3396dd0, length=14, elements={
0x000002028326e450, 0x00000202a2c695b0, 0x00000202a2c6a160, 0x00000202a2ca18f0,
0x00000202a2ce48f0, 0x00000202a2ca2790, 0x00000202a2cd8920, 0x00000202a2cd9b20,
0x00000202a2cdb430, 0x00000202a2cdbd30, 0x00000202a2e510e0, 0x00000202a2e63420,
0x00000202a3206760, 0x00000202a33de610
}

Java Threads: ( => current thread )
  0x000002028326e450 JavaThread "main" [_thread_blocked, id=21348, stack(0x00000030b4900000,0x00000030b4a00000)]
  0x00000202a2c695b0 JavaThread "Reference Handler" daemon [_thread_blocked, id=5376, stack(0x00000030b5000000,0x00000030b5100000)]
  0x00000202a2c6a160 JavaThread "Finalizer" daemon [_thread_blocked, id=10932, stack(0x00000030b5100000,0x00000030b5200000)]
  0x00000202a2ca18f0 JavaThread "Signal Dispatcher" daemon [_thread_blocked, id=8248, stack(0x00000030b5200000,0x00000030b5300000)]
  0x00000202a2ce48f0 JavaThread "Attach Listener" daemon [_thread_blocked, id=21116, stack(0x00000030b5300000,0x00000030b5400000)]
  0x00000202a2ca2790 JavaThread "Service Thread" daemon [_thread_blocked, id=22984, stack(0x00000030b5400000,0x00000030b5500000)]
  0x00000202a2cd8920 JavaThread "Monitor Deflation Thread" daemon [_thread_blocked, id=9704, stack(0x00000030b5500000,0x00000030b5600000)]
  0x00000202a2cd9b20 JavaThread "C2 CompilerThread0" daemon [_thread_blocked, id=21264, stack(0x00000030b5600000,0x00000030b5700000)]
  0x00000202a2cdb430 JavaThread "C1 CompilerThread0" daemon [_thread_blocked, id=6492, stack(0x00000030b5700000,0x00000030b5800000)]
  0x00000202a2cdbd30 JavaThread "Sweeper thread" daemon [_thread_blocked, id=21016, stack(0x00000030b5800000,0x00000030b5900000)]
  0x00000202a2e510e0 JavaThread "Notification Thread" daemon [_thread_blocked, id=11224, stack(0x00000030b5900000,0x00000030b5a00000)]
  0x00000202a2e63420 JavaThread "Common-Cleaner" daemon [_thread_blocked, id=19336, stack(0x00000030b5b00000,0x00000030b5c00000)]
  0x00000202a3206760 JavaThread "HttpClient-1-SelectorManager" daemon [_thread_in_native, id=23440, stack(0x00000030b5c00000,0x00000030b5d00000)]
=>0x00000202a33de610 JavaThread "HttpClient-1-Worker-0" daemon [_thread_in_Java, id=19564, stack(0x00000030b5e00000,0x00000030b5f00000)]

Other Threads:
  0x00000202a2c66a00 VMThread "VM Thread" [stack: 0x00000030b4f00000,0x00000030b5000000] [id=11664]
  0x00000202a17d6fb0 WatcherThread [stack: 0x00000030b5a00000,0x00000030b5b00000] [id=20664]
  0x00000202832d98c0 GCTaskThread "GC Thread#0" [stack: 0x00000030b4a00000,0x00000030b4b00000] [id=15600]
  0x0000020283328010 ConcurrentGCThread "G1 Main Marker" [stack: 0x00000030b4b00000,0x00000030b4c00000] [id=22944]
  0x00000202833291c0 ConcurrentGCThread "G1 Conc#0" [stack: 0x00000030b4c00000,0x00000030b4d00000] [id=15032]
  0x000002028332e600 ConcurrentGCThread "G1 Refine#0" [stack: 0x00000030b4d00000,0x00000030b4e00000] [id=11616]
  0x00000202a18893c0 ConcurrentGCThread "G1 Service" [stack: 0x00000030b4e00000,0x00000030b4f00000] [id=11128]

Threads with active compile tasks:

VM state: not at safepoint (normal execution)

VM Mutex/Monitor currently owned by a thread: None

Heap address: 0x0000000701200000, size: 4078 MB, Compressed Oops mode: Zero based, Oop shift amount: 3

CDS archive(s) not mapped
Compressed class space mapped at: 0x0000000800000000-0x0000000840000000, reserved size: 1073741824
Narrow klass base: 0x0000000800000000, Narrow klass shift: 0, Narrow klass range: 0x40000000

GC Precious Log:
 CPUs: 12 total, 12 available
 Memory: 16309M
 Large Page Support: Disabled
 NUMA Support: Disabled
 Compressed Oops: Enabled (Zero based)
 Heap Region Size: 2M
 Heap Min Capacity: 8M
 Heap Initial Capacity: 256M
 Heap Max Capacity: 4078M
 Pre-touch: Disabled
 Parallel Workers: 10
 Concurrent Workers: 3
 Concurrent Refinement Workers: 10
 Periodic GC: Disabled

Heap:
 garbage-first heap   total 262144K, used 10240K [0x0000000701200000, 0x0000000800000000)
  region size 2048K, 6 young (12288K), 0 survivors (0K)
 Metaspace       used 13921K, committed 14080K, reserved 1064960K
  class space    used 1395K, committed 1472K, reserved 1048576K

Heap Regions: E=young(eden), S=young(survivor), O=old, HS=humongous(starts), HC=humongous(continues), CS=collection set, F=free, OA=open archive, CA=closed archive, TAMS=top-at-mark-start (previous, next)
|   0|0x0000000701200000, 0x0000000701200000, 0x0000000701400000|  0%| F|  |TAMS 0x0000000701200000, 0x0000000701200000| Untracked 
|   1|0x0000000701400000, 0x0000000701400000, 0x0000000701600000|  0%| F|  |TAMS 0x0000000701400000, 0x0000000701400000| Untracked 
|   2|0x0000000701600000, 0x0000000701600000, 0x0000000701800000|  0%| F|  |TAMS 0x0000000701600000, 0x0000000701600000| Untracked 
|   3|0x0000000701800000, 0x0000000701800000, 0x0000000701a00000|  0%| F|  |TAMS 0x0000000701800000, 0x0000000701800000| Untracked 
|   4|0x0000000701a00000, 0x0000000701a00000, 0x0000000701c00000|  0%| F|  |TAMS 0x0000000701a00000, 0x0000000701a00000| Untracked 
|   5|0x0000000701c00000, 0x0000000701c00000, 0x0000000701e00000|  0%| F|  |TAMS 0x0000000701c00000, 0x0000000701c00000| Untracked 
|   6|0x0000000701e00000, 0x0000000701e00000, 0x0000000702000000|  0%| F|  |TAMS 0x0000000701e00000, 0x0000000701e00000| Untracked 
|   7|0x0000000702000000, 0x0000000702000000, 0x0000000702200000|  0%| F|  |TAMS 0x0000000702000000, 0x0000000702000000| Untracked 
|   8|0x0000000702200000, 0x0000000702200000, 0x0000000702400000|  0%| F|  |TAMS 0x0000000702200000, 0x0000000702200000| Untracked 
|   9|0x0000000702400000, 0x0000000702400000, 0x0000000702600000|  0%| F|  |TAMS 0x0000000702400000, 0x0000000702400000| Untracked 
|  10|0x0000000702600000, 0x0000000702600000, 0x0000000702800000|  0%| F|  |TAMS 0x0000000702600000, 0x0000000702600000| Untracked 
|  11|0x0000000702800000, 0x0000000702800000, 0x0000000702a00000|  0%| F|  |TAMS 0x0000000702800000, 0x0000000702800000| Untracked 
|  12|0x0000000702a00000, 0x0000000702a00000, 0x0000000702c00000|  0%| F|  |TAMS 0x0000000702a00000, 0x0000000702a00000| Untracked 
|  13|0x0000000702c00000, 0x0000000702c00000, 0x0000000702e00000|  0%| F|  |TAMS 0x0000000702c00000, 0x0000000702c00000| Untracked 
|  14|0x0000000702e00000, 0x0000000702e00000, 0x0000000703000000|  0%| F|  |TAMS 0x0000000702e00000, 0x0000000702e00000| Untracked 
|  15|0x0000000703000000, 0x0000000703000000, 0x0000000703200000|  0%| F|  |TAMS 0x0000000703000000, 0x0000000703000000| Untracked 
|  16|0x0000000703200000, 0x0000000703200000, 0x0000000703400000|  0%| F|  |TAMS 0x0000000703200000, 0x0000000703200000| Untracked 
|  17|0x0000000703400000, 0x0000000703400000, 0x0000000703600000|  0%| F|  |TAMS 0x0000000703400000, 0x0000000703400000| Untracked 
|  18|0x0000000703600000, 0x0000000703600000, 0x0000000703800000|  0%| F|  |TAMS 0x0000000703600000, 0x0000000703600000| Untracked 
|  19|0x0000000703800000, 0x0000000703800000, 0x0000000703a00000|  0%| F|  |TAMS 0x0000000703800000, 0x0000000703800000| Untracked 
|  20|0x0000000703a00000, 0x0000000703a00000, 0x0000000703c00000|  0%| F|  |TAMS 0x0000000703a00000, 0x0000000703a00000| Untracked 
|  21|0x0000000703c00000, 0x0000000703c00000, 0x0000000703e00000|  0%| F|  |TAMS 0x0000000703c00000, 0x0000000703c00000| Untracked 
|  22|0x0000000703e00000, 0x0000000703e00000, 0x0000000704000000|  0%| F|  |TAMS 0x0000000703e00000, 0x0000000703e00000| Untracked 
|  23|0x0000000704000000, 0x0000000704000000, 0x0000000704200000|  0%| F|  |TAMS 0x0000000704000000, 0x0000000704000000| Untracked 
|  24|0x0000000704200000, 0x0000000704200000, 0x0000000704400000|  0%| F|  |TAMS 0x0000000704200000, 0x0000000704200000| Untracked 
|  25|0x0000000704400000, 0x0000000704400000, 0x0000000704600000|  0%| F|  |TAMS 0x0000000704400000, 0x0000000704400000| Untracked 
|  26|0x0000000704600000, 0x0000000704600000, 0x0000000704800000|  0%| F|  |TAMS 0x0000000704600000, 0x0000000704600000| Untracked 
|  27|0x0000000704800000, 0x0000000704800000, 0x0000000704a00000|  0%| F|  |TAMS 0x0000000704800000, 0x0000000704800000| Untracked 
|  28|0x0000000704a00000, 0x0000000704a00000, 0x0000000704c00000|  0%| F|  |TAMS 0x0000000704a00000, 0x0000000704a00000| Untracked 
|  29|0x0000000704c00000, 0x0000000704c00000, 0x0000000704e00000|  0%| F|  |TAMS 0x0000000704c00000, 0x0000000704c00000| Untracked 
|  30|0x0000000704e00000, 0x0000000704e00000, 0x0000000705000000|  0%| F|  |TAMS 0x0000000704e00000, 0x0000000704e00000| Untracked 
|  31|0x0000000705000000, 0x0000000705000000, 0x0000000705200000|  0%| F|  |TAMS 0x0000000705000000, 0x0000000705000000| Untracked 
|  32|0x0000000705200000, 0x0000000705200000, 0x0000000705400000|  0%| F|  |TAMS 0x0000000705200000, 0x0000000705200000| Untracked 
|  33|0x0000000705400000, 0x0000000705400000, 0x0000000705600000|  0%| F|  |TAMS 0x0000000705400000, 0x0000000705400000| Untracked 
|  34|0x0000000705600000, 0x0000000705600000, 0x0000000705800000|  0%| F|  |TAMS 0x0000000705600000, 0x0000000705600000| Untracked 
|  35|0x0000000705800000, 0x0000000705800000, 0x0000000705a00000|  0%| F|  |TAMS 0x0000000705800000, 0x0000000705800000| Untracked 
|  36|0x0000000705a00000, 0x0000000705a00000, 0x0000000705c00000|  0%| F|  |TAMS 0x0000000705a00000, 0x0000000705a00000| Untracked 
|  37|0x0000000705c00000, 0x0000000705c00000, 0x0000000705e00000|  0%| F|  |TAMS 0x0000000705c00000, 0x0000000705c00000| Untracked 
|  38|0x0000000705e00000, 0x0000000705e00000, 0x0000000706000000|  0%| F|  |TAMS 0x0000000705e00000, 0x0000000705e00000| Untracked 
|  39|0x0000000706000000, 0x0000000706000000, 0x0000000706200000|  0%| F|  |TAMS 0x0000000706000000, 0x0000000706000000| Untracked 
|  40|0x0000000706200000, 0x0000000706200000, 0x0000000706400000|  0%| F|  |TAMS 0x0000000706200000, 0x0000000706200000| Untracked 
|  41|0x0000000706400000, 0x0000000706400000, 0x0000000706600000|  0%| F|  |TAMS 0x0000000706400000, 0x0000000706400000| Untracked 
|  42|0x0000000706600000, 0x0000000706600000, 0x0000000706800000|  0%| F|  |TAMS 0x0000000706600000, 0x0000000706600000| Untracked 
|  43|0x0000000706800000, 0x0000000706800000, 0x0000000706a00000|  0%| F|  |TAMS 0x0000000706800000, 0x0000000706800000| Untracked 
|  44|0x0000000706a00000, 0x0000000706a00000, 0x0000000706c00000|  0%| F|  |TAMS 0x0000000706a00000, 0x0000000706a00000| Untracked 
|  45|0x0000000706c00000, 0x0000000706c00000, 0x0000000706e00000|  0%| F|  |TAMS 0x0000000706c00000, 0x0000000706c00000| Untracked 
|  46|0x0000000706e00000, 0x0000000706e00000, 0x0000000707000000|  0%| F|  |TAMS 0x0000000706e00000, 0x0000000706e00000| Untracked 
|  47|0x0000000707000000, 0x0000000707000000, 0x0000000707200000|  0%| F|  |TAMS 0x0000000707000000, 0x0000000707000000| Untracked 
|  48|0x0000000707200000, 0x0000000707200000, 0x0000000707400000|  0%| F|  |TAMS 0x0000000707200000, 0x0000000707200000| Untracked 
|  49|0x0000000707400000, 0x0000000707400000, 0x0000000707600000|  0%| F|  |TAMS 0x0000000707400000, 0x0000000707400000| Untracked 
|  50|0x0000000707600000, 0x0000000707600000, 0x0000000707800000|  0%| F|  |TAMS 0x0000000707600000, 0x0000000707600000| Untracked 
|  51|0x0000000707800000, 0x0000000707800000, 0x0000000707a00000|  0%| F|  |TAMS 0x0000000707800000, 0x0000000707800000| Untracked 
|  52|0x0000000707a00000, 0x0000000707a00000, 0x0000000707c00000|  0%| F|  |TAMS 0x0000000707a00000, 0x0000000707a00000| Untracked 
|  53|0x0000000707c00000, 0x0000000707c00000, 0x0000000707e00000|  0%| F|  |TAMS 0x0000000707c00000, 0x0000000707c00000| Untracked 
|  54|0x0000000707e00000, 0x0000000707e00000, 0x0000000708000000|  0%| F|  |TAMS 0x0000000707e00000, 0x0000000707e00000| Untracked 
|  55|0x0000000708000000, 0x0000000708000000, 0x0000000708200000|  0%| F|  |TAMS 0x0000000708000000, 0x0000000708000000| Untracked 
|  56|0x0000000708200000, 0x0000000708200000, 0x0000000708400000|  0%| F|  |TAMS 0x0000000708200000, 0x0000000708200000| Untracked 
|  57|0x0000000708400000, 0x0000000708400000, 0x0000000708600000|  0%| F|  |TAMS 0x0000000708400000, 0x0000000708400000| Untracked 
|  58|0x0000000708600000, 0x0000000708600000, 0x0000000708800000|  0%| F|  |TAMS 0x0000000708600000, 0x0000000708600000| Untracked 
|  59|0x0000000708800000, 0x0000000708800000, 0x0000000708a00000|  0%| F|  |TAMS 0x0000000708800000, 0x0000000708800000| Untracked 
|  60|0x0000000708a00000, 0x0000000708a00000, 0x0000000708c00000|  0%| F|  |TAMS 0x0000000708a00000, 0x0000000708a00000| Untracked 
|  61|0x0000000708c00000, 0x0000000708c00000, 0x0000000708e00000|  0%| F|  |TAMS 0x0000000708c00000, 0x0000000708c00000| Untracked 
|  62|0x0000000708e00000, 0x0000000708e00000, 0x0000000709000000|  0%| F|  |TAMS 0x0000000708e00000, 0x0000000708e00000| Untracked 
|  63|0x0000000709000000, 0x0000000709000000, 0x0000000709200000|  0%| F|  |TAMS 0x0000000709000000, 0x0000000709000000| Untracked 
|  64|0x0000000709200000, 0x0000000709200000, 0x0000000709400000|  0%| F|  |TAMS 0x0000000709200000, 0x0000000709200000| Untracked 
|  65|0x0000000709400000, 0x0000000709400000, 0x0000000709600000|  0%| F|  |TAMS 0x0000000709400000, 0x0000000709400000| Untracked 
|  66|0x0000000709600000, 0x0000000709600000, 0x0000000709800000|  0%| F|  |TAMS 0x0000000709600000, 0x0000000709600000| Untracked 
|  67|0x0000000709800000, 0x0000000709800000, 0x0000000709a00000|  0%| F|  |TAMS 0x0000000709800000, 0x0000000709800000| Untracked 
|  68|0x0000000709a00000, 0x0000000709a00000, 0x0000000709c00000|  0%| F|  |TAMS 0x0000000709a00000, 0x0000000709a00000| Untracked 
|  69|0x0000000709c00000, 0x0000000709c00000, 0x0000000709e00000|  0%| F|  |TAMS 0x0000000709c00000, 0x0000000709c00000| Untracked 
|  70|0x0000000709e00000, 0x0000000709e00000, 0x000000070a000000|  0%| F|  |TAMS 0x0000000709e00000, 0x0000000709e00000| Untracked 
|  71|0x000000070a000000, 0x000000070a000000, 0x000000070a200000|  0%| F|  |TAMS 0x000000070a000000, 0x000000070a000000| Untracked 
|  72|0x000000070a200000, 0x000000070a200000, 0x000000070a400000|  0%| F|  |TAMS 0x000000070a200000, 0x000000070a200000| Untracked 
|  73|0x000000070a400000, 0x000000070a400000, 0x000000070a600000|  0%| F|  |TAMS 0x000000070a400000, 0x000000070a400000| Untracked 
|  74|0x000000070a600000, 0x000000070a600000, 0x000000070a800000|  0%| F|  |TAMS 0x000000070a600000, 0x000000070a600000| Untracked 
|  75|0x000000070a800000, 0x000000070a800000, 0x000000070aa00000|  0%| F|  |TAMS 0x000000070a800000, 0x000000070a800000| Untracked 
|  76|0x000000070aa00000, 0x000000070aa00000, 0x000000070ac00000|  0%| F|  |TAMS 0x000000070aa00000, 0x000000070aa00000| Untracked 
|  77|0x000000070ac00000, 0x000000070ac00000, 0x000000070ae00000|  0%| F|  |TAMS 0x000000070ac00000, 0x000000070ac00000| Untracked 
|  78|0x000000070ae00000, 0x000000070ae00000, 0x000000070b000000|  0%| F|  |TAMS 0x000000070ae00000, 0x000000070ae00000| Untracked 
|  79|0x000000070b000000, 0x000000070b000000, 0x000000070b200000|  0%| F|  |TAMS 0x000000070b000000, 0x000000070b000000| Untracked 
|  80|0x000000070b200000, 0x000000070b200000, 0x000000070b400000|  0%| F|  |TAMS 0x000000070b200000, 0x000000070b200000| Untracked 
|  81|0x000000070b400000, 0x000000070b400000, 0x000000070b600000|  0%| F|  |TAMS 0x000000070b400000, 0x000000070b400000| Untracked 
|  82|0x000000070b600000, 0x000000070b600000, 0x000000070b800000|  0%| F|  |TAMS 0x000000070b600000, 0x000000070b600000| Untracked 
|  83|0x000000070b800000, 0x000000070b800000, 0x000000070ba00000|  0%| F|  |TAMS 0x000000070b800000, 0x000000070b800000| Untracked 
|  84|0x000000070ba00000, 0x000000070ba00000, 0x000000070bc00000|  0%| F|  |TAMS 0x000000070ba00000, 0x000000070ba00000| Untracked 
|  85|0x000000070bc00000, 0x000000070bc00000, 0x000000070be00000|  0%| F|  |TAMS 0x000000070bc00000, 0x000000070bc00000| Untracked 
|  86|0x000000070be00000, 0x000000070be00000, 0x000000070c000000|  0%| F|  |TAMS 0x000000070be00000, 0x000000070be00000| Untracked 
|  87|0x000000070c000000, 0x000000070c000000, 0x000000070c200000|  0%| F|  |TAMS 0x000000070c000000, 0x000000070c000000| Untracked 
|  88|0x000000070c200000, 0x000000070c200000, 0x000000070c400000|  0%| F|  |TAMS 0x000000070c200000, 0x000000070c200000| Untracked 
|  89|0x000000070c400000, 0x000000070c400000, 0x000000070c600000|  0%| F|  |TAMS 0x000000070c400000, 0x000000070c400000| Untracked 
|  90|0x000000070c600000, 0x000000070c600000, 0x000000070c800000|  0%| F|  |TAMS 0x000000070c600000, 0x000000070c600000| Untracked 
|  91|0x000000070c800000, 0x000000070c800000, 0x000000070ca00000|  0%| F|  |TAMS 0x000000070c800000, 0x000000070c800000| Untracked 
|  92|0x000000070ca00000, 0x000000070ca00000, 0x000000070cc00000|  0%| F|  |TAMS 0x000000070ca00000, 0x000000070ca00000| Untracked 
|  93|0x000000070cc00000, 0x000000070cc00000, 0x000000070ce00000|  0%| F|  |TAMS 0x000000070cc00000, 0x000000070cc00000| Untracked 
|  94|0x000000070ce00000, 0x000000070ce00000, 0x000000070d000000|  0%| F|  |TAMS 0x000000070ce00000, 0x000000070ce00000| Untracked 
|  95|0x000000070d000000, 0x000000070d000000, 0x000000070d200000|  0%| F|  |TAMS 0x000000070d000000, 0x000000070d000000| Untracked 
|  96|0x000000070d200000, 0x000000070d200000, 0x000000070d400000|  0%| F|  |TAMS 0x000000070d200000, 0x000000070d200000| Untracked 
|  97|0x000000070d400000, 0x000000070d400000, 0x000000070d600000|  0%| F|  |TAMS 0x000000070d400000, 0x000000070d400000| Untracked 
|  98|0x000000070d600000, 0x000000070d600000, 0x000000070d800000|  0%| F|  |TAMS 0x000000070d600000, 0x000000070d600000| Untracked 
|  99|0x000000070d800000, 0x000000070d800000, 0x000000070da00000|  0%| F|  |TAMS 0x000000070d800000, 0x000000070d800000| Untracked 
| 100|0x000000070da00000, 0x000000070da00000, 0x000000070dc00000|  0%| F|  |TAMS 0x000000070da00000, 0x000000070da00000| Untracked 
| 101|0x000000070dc00000, 0x000000070dc00000, 0x000000070de00000|  0%| F|  |TAMS 0x000000070dc00000, 0x000000070dc00000| Untracked 
| 102|0x000000070de00000, 0x000000070de00000, 0x000000070e000000|  0%| F|  |TAMS 0x000000070de00000, 0x000000070de00000| Untracked 
| 103|0x000000070e000000, 0x000000070e000000, 0x000000070e200000|  0%| F|  |TAMS 0x000000070e000000, 0x000000070e000000| Untracked 
| 104|0x000000070e200000, 0x000000070e200000, 0x000000070e400000|  0%| F|  |TAMS 0x000000070e200000, 0x000000070e200000| Untracked 
| 105|0x000000070e400000, 0x000000070e400000, 0x000000070e600000|  0%| F|  |TAMS 0x000000070e400000, 0x000000070e400000| Untracked 
| 106|0x000000070e600000, 0x000000070e600000, 0x000000070e800000|  0%| F|  |TAMS 0x000000070e600000, 0x000000070e600000| Untracked 
| 107|0x000000070e800000, 0x000000070e800000, 0x000000070ea00000|  0%| F|  |TAMS 0x000000070e800000, 0x000000070e800000| Untracked 
| 108|0x000000070ea00000, 0x000000070ea00000, 0x000000070ec00000|  0%| F|  |TAMS 0x000000070ea00000, 0x000000070ea00000| Untracked 
| 109|0x000000070ec00000, 0x000000070ec00000, 0x000000070ee00000|  0%| F|  |TAMS 0x000000070ec00000, 0x000000070ec00000| Untracked 
| 110|0x000000070ee00000, 0x000000070ee00000, 0x000000070f000000|  0%| F|  |TAMS 0x000000070ee00000, 0x000000070ee00000| Untracked 
| 111|0x000000070f000000, 0x000000070f000000, 0x000000070f200000|  0%| F|  |TAMS 0x000000070f000000, 0x000000070f000000| Untracked 
| 112|0x000000070f200000, 0x000000070f200000, 0x000000070f400000|  0%| F|  |TAMS 0x000000070f200000, 0x000000070f200000| Untracked 
| 113|0x000000070f400000, 0x000000070f400000, 0x000000070f600000|  0%| F|  |TAMS 0x000000070f400000, 0x000000070f400000| Untracked 
| 114|0x000000070f600000, 0x000000070f600000, 0x000000070f800000|  0%| F|  |TAMS 0x000000070f600000, 0x000000070f600000| Untracked 
| 115|0x000000070f800000, 0x000000070f800000, 0x000000070fa00000|  0%| F|  |TAMS 0x000000070f800000, 0x000000070f800000| Untracked 
| 116|0x000000070fa00000, 0x000000070fa00000, 0x000000070fc00000|  0%| F|  |TAMS 0x000000070fa00000, 0x000000070fa00000| Untracked 
| 117|0x000000070fc00000, 0x000000070fc00000, 0x000000070fe00000|  0%| F|  |TAMS 0x000000070fc00000, 0x000000070fc00000| Untracked 
| 118|0x000000070fe00000, 0x000000070fe00000, 0x0000000710000000|  0%| F|  |TAMS 0x000000070fe00000, 0x000000070fe00000| Untracked 
| 119|0x0000000710000000, 0x0000000710000000, 0x0000000710200000|  0%| F|  |TAMS 0x0000000710000000, 0x0000000710000000| Untracked 
| 120|0x0000000710200000, 0x0000000710200000, 0x0000000710400000|  0%| F|  |TAMS 0x0000000710200000, 0x0000000710200000| Untracked 
| 121|0x0000000710400000, 0x0000000710400000, 0x0000000710600000|  0%| F|  |TAMS 0x0000000710400000, 0x0000000710400000| Untracked 
| 122|0x0000000710600000, 0x0000000710752b08, 0x0000000710800000| 66%| E|  |TAMS 0x0000000710600000, 0x0000000710600000| Complete 
| 123|0x0000000710800000, 0x0000000710a00000, 0x0000000710a00000|100%| E|CS|TAMS 0x0000000710800000, 0x0000000710800000| Complete 
| 124|0x0000000710a00000, 0x0000000710c00000, 0x0000000710c00000|100%| E|CS|TAMS 0x0000000710a00000, 0x0000000710a00000| Complete 
| 125|0x0000000710c00000, 0x0000000710e00000, 0x0000000710e00000|100%| E|CS|TAMS 0x0000000710c00000, 0x0000000710c00000| Complete 
| 126|0x0000000710e00000, 0x0000000711000000, 0x0000000711000000|100%| E|CS|TAMS 0x0000000710e00000, 0x0000000710e00000| Complete 
| 127|0x0000000711000000, 0x0000000711200000, 0x0000000711200000|100%| E|CS|TAMS 0x0000000711000000, 0x0000000711000000| Complete 

Card table byte_map: [0x0000020296730000,0x0000020296f30000] _byte_map_base: 0x0000020292f27000

Marking Bits (Prev, Next): (CMBitMap*) 0x00000202832d9ed0, (CMBitMap*) 0x00000202832d9f10
 Prev Bits: [0x0000020297730000, 0x000002029b6e8000)
 Next Bits: [0x000002029b6f0000, 0x000002029f6a8000)

Polling page: 0x00000202811f0000

Metaspace:

Usage:
  Non-class:     12.23 MB used.
      Class:      1.36 MB used.
       Both:     13.60 MB used.

Virtual space:
  Non-class space:       16.00 MB reserved,      12.31 MB ( 77%) committed,  2 nodes.
      Class space:        1.00 GB reserved,       1.44 MB ( <1%) committed,  1 nodes.
             Both:        1.02 GB reserved,      13.75 MB (  1%) committed. 

Chunk freelists:
   Non-Class:  3.70 MB
       Class:  2.59 MB
        Both:  6.30 MB

MaxMetaspaceSize: unlimited
CompressedClassSpaceSize: 1.00 GB
Initial GC threshold: 21.00 MB
Current GC threshold: 21.00 MB
CDS: off
MetaspaceReclaimPolicy: balanced
 - commit_granule_bytes: 65536.
 - commit_granule_words: 8192.
 - virtual_space_node_default_size: 1048576.
 - enlarge_chunks_in_place: 1.
 - new_chunks_are_fully_committed: 0.
 - uncommit_free_chunks: 1.
 - use_allocation_guard: 0.
 - handle_deallocations: 1.


Internal statistics:

num_allocs_failed_limit: 0.
num_arena_births: 114.
num_arena_deaths: 0.
num_vsnodes_births: 3.
num_vsnodes_deaths: 0.
num_space_committed: 220.
num_space_uncommitted: 0.
num_chunks_returned_to_freelist: 0.
num_chunks_taken_from_freelist: 224.
num_chunk_merges: 0.
num_chunk_splits: 133.
num_chunks_enlarged: 82.
num_purges: 0.
num_inconsistent_stats: 0.

CodeHeap 'non-profiled nmethods': size=120000Kb used=258Kb max_used=258Kb free=119742Kb
 bounds [0x000002028e4a0000, 0x000002028e710000, 0x00000202959d0000]
CodeHeap 'profiled nmethods': size=120000Kb used=1286Kb max_used=1286Kb free=118713Kb
 bounds [0x00000202869d0000, 0x0000020286c40000, 0x000002028df00000]
CodeHeap 'non-nmethods': size=5760Kb used=1173Kb max_used=1187Kb free=4586Kb
 bounds [0x000002028df00000, 0x000002028e170000, 0x000002028e4a0000]
 total_blobs=1316 nmethods=849 adapters=380
 compilation: enabled
              stopped_count=0, restarted_count=0
 full_count=0

Compilation events (20 events):
Event: 0.370 Thread 0x00000202a2cdb430  840   !   3       java.util.concurrent.ConcurrentHashMap::computeIfAbsent (576 bytes)
Event: 0.371 Thread 0x00000202a2cd9b20 nmethod 838 0x000002028e4dee90 code [0x000002028e4df000, 0x000002028e4df338]
Event: 0.371 Thread 0x00000202a2cd9b20  839       4       jdk.internal.org.objectweb.asm.ByteVector::putShort (52 bytes)
Event: 0.372 Thread 0x00000202a2cdb430 nmethod 840 0x0000020286b0ae10 code [0x0000020286b0b220, 0x0000020286b0d638]
Event: 0.372 Thread 0x00000202a2cdb430  843       3       java.lang.invoke.MemberName::isCallerSensitive (8 bytes)
Event: 0.372 Thread 0x00000202a2cdb430 nmethod 843 0x0000020286b0e710 code [0x0000020286b0e8c0, 0x0000020286b0eaf8]
Event: 0.372 Thread 0x00000202a2cdb430  842       3       sun.invoke.util.VerifyAccess::isMemberAccessible (338 bytes)
Event: 0.372 Thread 0x00000202a2cd9b20 nmethod 839 0x000002028e4df390 code [0x000002028e4df500, 0x000002028e4df638]
Event: 0.373 Thread 0x00000202a2cdb430 nmethod 842 0x0000020286b0ec10 code [0x0000020286b0efa0, 0x0000020286b10348]
Event: 0.373 Thread 0x00000202a2cd9b20  847       4       java.util.concurrent.ConcurrentHashMap::get (162 bytes)
Event: 0.373 Thread 0x00000202a2cdb430  841       3       java.util.ImmutableCollections$List12::size (16 bytes)
Event: 0.373 Thread 0x00000202a2cdb430 nmethod 841 0x0000020286b10890 code [0x0000020286b10a20, 0x0000020286b10bb8]
Event: 0.373 Thread 0x00000202a2cdb430  844       1       java.lang.invoke.MethodHandleNatives::isPullModeBSM (2 bytes)
Event: 0.373 Thread 0x00000202a2cdb430 nmethod 844 0x000002028e4dfa90 code [0x000002028e4dfc20, 0x000002028e4dfcd8]
Event: 0.373 Thread 0x00000202a2cdb430  845       1       java.lang.invoke.MethodHandleImpl::isCompileConstant (2 bytes)
Event: 0.373 Thread 0x00000202a2cdb430 nmethod 845 0x000002028e4dfd90 code [0x000002028e4dff20, 0x000002028e4dffd8]
Event: 0.373 Thread 0x00000202a2cdb430  848       3       java.lang.StringUTF16::compress (20 bytes)
Event: 0.373 Thread 0x00000202a2cdb430 nmethod 848 0x0000020286b10c90 code [0x0000020286b10e40, 0x0000020286b11088]
Event: 0.373 Thread 0x00000202a2cdb430  849       3       java.lang.invoke.DirectMethodHandle$Holder::newInvokeSpecial (21 bytes)
Event: 0.374 Thread 0x00000202a2cdb430 nmethod 849 0x0000020286b11190 code [0x0000020286b11380, 0x0000020286b11928]

GC Heap History (0 events):
No events

Dll operation events (1 events):
Event: 0.008 Loaded shared library C:\Program Files\JetBrains\IntelliJ IDEA Community Edition 2022.3\jbr\bin\java.dll

Deoptimization events (18 events):
Event: 0.237 Thread 0x000002028326e450 DEOPT PACKING pc=0x0000020286a049ad sp=0x00000030b49fe0d0
Event: 0.237 Thread 0x000002028326e450 DEOPT UNPACKING pc=0x000002028df57143 sp=0x00000030b49fd568 mode 0
Event: 0.244 Thread 0x000002028326e450 Uncommon trap: trap_request=0xffffff45 fr.pc=0x000002028e4bf974 relative=0x0000000000000074
Event: 0.244 Thread 0x000002028326e450 Uncommon trap: reason=unstable_if action=reinterpret pc=0x000002028e4bf974 method=jdk.internal.misc.Unsafe.convEndian(ZI)I @ 4 c2
Event: 0.244 Thread 0x000002028326e450 DEOPT PACKING pc=0x000002028e4bf974 sp=0x00000030b49fe050
Event: 0.244 Thread 0x000002028326e450 DEOPT UNPACKING pc=0x000002028df569a3 sp=0x00000030b49fdf80 mode 2
Event: 0.292 Thread 0x000002028326e450 DEOPT PACKING pc=0x00000202869e6f67 sp=0x00000030b49f7d90
Event: 0.292 Thread 0x000002028326e450 DEOPT UNPACKING pc=0x000002028df57143 sp=0x00000030b49f71b0 mode 0
Event: 0.321 Thread 0x000002028326e450 Uncommon trap: trap_request=0xffffff45 fr.pc=0x000002028e4b74f4 relative=0x00000000000003d4
Event: 0.321 Thread 0x000002028326e450 Uncommon trap: reason=unstable_if action=reinterpret pc=0x000002028e4b74f4 method=java.lang.StringLatin1.newString([BII)Ljava/lang/String; @ 1 c2
Event: 0.321 Thread 0x000002028326e450 DEOPT PACKING pc=0x000002028e4b74f4 sp=0x00000030b49fe850
Event: 0.321 Thread 0x000002028326e450 DEOPT UNPACKING pc=0x000002028df569a3 sp=0x00000030b49fe818 mode 2
Event: 0.328 Thread 0x000002028326e450 DEOPT PACKING pc=0x00000202869e62d1 sp=0x00000030b49fe260
Event: 0.328 Thread 0x000002028326e450 DEOPT UNPACKING pc=0x000002028df57143 sp=0x00000030b49fd6d8 mode 0
Event: 0.367 Thread 0x00000202a3206760 Uncommon trap: trap_request=0xffffff45 fr.pc=0x000002028e4c03c4 relative=0x0000000000000184
Event: 0.367 Thread 0x00000202a3206760 Uncommon trap: reason=unstable_if action=reinterpret pc=0x000002028e4c03c4 method=java.lang.invoke.VarHandle.checkExactAccessMode(Ljava/lang/invoke/VarHandle$AccessDescriptor;)V @ 4 c2
Event: 0.367 Thread 0x00000202a3206760 DEOPT PACKING pc=0x000002028e4c03c4 sp=0x00000030b5cfed10
Event: 0.367 Thread 0x00000202a3206760 DEOPT UNPACKING pc=0x000002028df569a3 sp=0x00000030b5cfec50 mode 2

Classes unloaded (0 events):
No events

Classes redefined (0 events):
No events

Internal exceptions (20 events):
Event: 0.175 Thread 0x000002028326e450 Exception <a 'java/lang/IncompatibleClassChangeError'{0x0000000710f6ac48}: Found class java.lang.Object, but interface was expected> (0x0000000710f6ac48) 
thrown [s\src\hotspot\share\interpreter\linkResolver.cpp, line 838]
Event: 0.175 Thread 0x000002028326e450 Exception <a 'java/lang/NoSuchMethodError'{0x0000000710f6dff8}: 'void java.lang.invoke.DirectMethodHandle$Holder.invokeStatic(java.lang.Object, java.lang.Object)'> (0x0000000710f6dff8) 
thrown [s\src\hotspot\share\interpreter\linkResolver.cpp, line 771]
Event: 0.176 Thread 0x000002028326e450 Exception <a 'java/lang/NoSuchMethodError'{0x0000000710f71910}: 'void java.lang.invoke.DirectMethodHandle$Holder.invokeStaticInit(java.lang.Object, java.lang.Object)'> (0x0000000710f71910) 
thrown [s\src\hotspot\share\interpreter\linkResolver.cpp, line 771]
Event: 0.177 Thread 0x000002028326e450 Exception <a 'java/lang/NoSuchMethodError'{0x0000000710f794c8}: 'int java.lang.invoke.DirectMethodHandle$Holder.invokeStaticInit(java.lang.Object, java.lang.Object)'> (0x0000000710f794c8) 
thrown [s\src\hotspot\share\interpreter\linkResolver.cpp, line 771]
Event: 0.206 Thread 0x000002028326e450 Exception <a 'java/lang/NoSuchMethodError'{0x0000000710c5e480}: 'java.lang.Object java.lang.invoke.DirectMethodHandle$Holder.invokeStaticInit(java.lang.Object, int, int, int, int)'> (0x0000000710c5e480) 
thrown [s\src\hotspot\share\interpreter\linkResolver.cpp, line 771]
Event: 0.242 Thread 0x000002028326e450 Exception <a 'java/lang/NoSuchMethodError'{0x0000000710d059a8}: 'java.lang.Object java.lang.invoke.DirectMethodHandle$Holder.invokeStaticInit(java.lang.Object, java.lang.Object, int, int, int, int)'> (0x0000000710d059a8) 
thrown [s\src\hotspot\share\interpreter\linkResolver.cpp, line 771]
Event: 0.249 Thread 0x000002028326e450 Exception <a 'java/lang/NoSuchMethodError'{0x0000000710d6e498}: 'java.lang.Object java.lang.invoke.DirectMethodHandle$Holder.invokeStatic(java.lang.Object, java.lang.Object, int)'> (0x0000000710d6e498) 
thrown [s\src\hotspot\share\interpreter\linkResolver.cpp, line 771]
Event: 0.249 Thread 0x000002028326e450 Exception <a 'java/lang/NoSuchMethodError'{0x0000000710d71c10}: 'java.lang.Object java.lang.invoke.DirectMethodHandle$Holder.invokeStaticInit(java.lang.Object, java.lang.Object, int)'> (0x0000000710d71c10) 
thrown [s\src\hotspot\share\interpreter\linkResolver.cpp, line 771]
Event: 0.249 Thread 0x000002028326e450 Exception <a 'java/lang/NoSuchMethodError'{0x0000000710d77fc0}: 'java.lang.Object java.lang.invoke.DirectMethodHandle$Holder.newInvokeSpecial(java.lang.Object, java.lang.Object, int)'> (0x0000000710d77fc0) 
thrown [s\src\hotspot\share\interpreter\linkResolver.cpp, line 771]
Event: 0.252 Thread 0x000002028326e450 Exception <a 'java/lang/NoSuchMethodError'{0x0000000710d87770}: 'int java.lang.invoke.DirectMethodHandle$Holder.invokeStaticInit(java.lang.Object, java.lang.Object, java.lang.Object)'> (0x0000000710d87770) 
thrown [s\src\hotspot\share\interpreter\linkResolver.cpp, line 771]
Event: 0.254 Thread 0x000002028326e450 Exception <a 'java/lang/NoSuchMethodError'{0x0000000710d97950}: 'int java.lang.invoke.DirectMethodHandle$Holder.invokeSpecial(java.lang.Object, java.lang.Object, java.lang.Object)'> (0x0000000710d97950) 
thrown [s\src\hotspot\share\interpreter\linkResolver.cpp, line 771]
Event: 0.255 Thread 0x000002028326e450 Exception <a 'java/lang/NoSuchMethodError'{0x0000000710d9fd30}: 'int java.lang.invoke.DirectMethodHandle$Holder.invokeSpecialIFC(java.lang.Object, java.lang.Object, java.lang.Object)'> (0x0000000710d9fd30) 
thrown [s\src\hotspot\share\interpreter\linkResolver.cpp, line 771]
Event: 0.275 Thread 0x000002028326e450 Exception <a 'java/lang/NoSuchMethodError'{0x0000000710a2c480}: 'java.lang.Object java.lang.invoke.DirectMethodHandle$Holder.invokeStaticInit(java.lang.Object)'> (0x0000000710a2c480) 
thrown [s\src\hotspot\share\interpreter\linkResolver.cpp, line 771]
Event: 0.329 Thread 0x000002028326e450 Exception <a 'java/lang/NoSuchMethodError'{0x0000000710b9b698}: 'java.lang.Object java.lang.invoke.DirectMethodHandle$Holder.newInvokeSpecial(java.lang.Object, java.lang.Object, java.lang.Object, java.lang.Object, java.lang.Object)'> (0x0000000710b9b698) 
thrown [s\src\hotspot\share\interpreter\linkResolver.cpp, line 771]
Event: 0.351 Thread 0x000002028326e450 Exception <a 'java/lang/NoSuchMethodError'{0x000000071095cf20}: 'java.lang.Object java.lang.invoke.DirectMethodHandle$Holder.invokeSpecial(java.lang.Object, java.lang.Object, java.lang.Object, java.lang.Object, int)'> (0x000000071095cf20) 
thrown [s\src\hotspot\share\interpreter\linkResolver.cpp, line 771]
Event: 0.351 Thread 0x000002028326e450 Exception <a 'java/lang/NoSuchMethodError'{0x0000000710960ae8}: 'java.lang.Object java.lang.invoke.Invokers$Holder.linkToTargetMethod(java.lang.Object, java.lang.Object, int, java.lang.Object)'> (0x0000000710960ae8) 
thrown [s\src\hotspot\share\interpreter\linkResolver.cpp, line 771]
Event: 0.357 Thread 0x000002028326e450 Exception <a 'java/lang/NoSuchMethodError'{0x00000007109c2190}: 'void java.lang.invoke.DirectMethodHandle$Holder.invokeSpecial(java.lang.Object, java.lang.Object, java.lang.Object)'> (0x00000007109c2190) 
thrown [s\src\hotspot\share\interpreter\linkResolver.cpp, line 771]
Event: 0.368 Thread 0x000002028326e450 Exception <a 'java/lang/NoSuchMethodError'{0x0000000710648b60}: 'void java.lang.invoke.DirectMethodHandle$Holder.invokeSpecial(java.lang.Object, java.lang.Object, java.lang.Object, java.lang.Object, java.lang.Object)'> (0x0000000710648b60) 
thrown [s\src\hotspot\share\interpreter\linkResolver.cpp, line 771]
Event: 0.368 Thread 0x00000202a3206760 Exception <a 'java/lang/NoSuchMethodError'{0x0000000710bebbe0}: 'void java.lang.invoke.DirectMethodHandle$Holder.invokeStatic(java.lang.Object, java.lang.Object, int)'> (0x0000000710bebbe0) 
thrown [s\src\hotspot\share\interpreter\linkResolver.cpp, line 771]
Event: 0.373 Thread 0x00000202a33de610 Exception <a 'java/lang/NoSuchMethodError'{0x0000000710705ee0}: 'void java.lang.invoke.DirectMethodHandle$Holder.invokeInterface(java.lang.Object, java.lang.Object, java.lang.Object)'> (0x0000000710705ee0) 
thrown [s\src\hotspot\share\interpreter\linkResolver.cpp, line 771]

VM Operations (8 events):
Event: 0.088 Executing VM operation: HandshakeAllThreads
Event: 0.088 Executing VM operation: HandshakeAllThreads done
Event: 0.099 Executing VM operation: HandshakeAllThreads
Event: 0.099 Executing VM operation: HandshakeAllThreads done
Event: 0.217 Executing VM operation: HandshakeAllThreads
Event: 0.217 Executing VM operation: HandshakeAllThreads done
Event: 0.277 Executing VM operation: HandshakeAllThreads
Event: 0.277 Executing VM operation: HandshakeAllThreads done

Events (20 events):
Event: 0.366 loading class java/nio/channels/SelectionKey done
Event: 0.366 loading class java/nio/channels/spi/AbstractSelectionKey done
Event: 0.366 loading class sun/nio/ch/SelectionKeyImpl done
Event: 0.366 loading class java/lang/invoke/ConstantBootstraps
Event: 0.367 loading class java/lang/invoke/ConstantBootstraps done
Event: 0.367 loading class java/util/concurrent/CompletableFuture$UniApply
Event: 0.367 loading class java/util/concurrent/CompletableFuture$UniApply done
Event: 0.368 loading class java/util/concurrent/CompletableFuture$UniWhenComplete
Event: 0.368 loading class java/util/concurrent/CompletableFuture$UniWhenComplete done
Event: 0.369 loading class java/util/concurrent/ThreadPoolExecutor$Worker
Event: 0.369 loading class java/util/concurrent/ThreadPoolExecutor$Worker done
Event: 0.370 loading class java/util/concurrent/CompletableFuture$UniRelay
Event: 0.370 loading class java/util/concurrent/CompletableFuture$UniRelay done
Event: 0.370 loading class java/util/concurrent/CompletableFuture$Signaller
Event: 0.370 loading class java/util/concurrent/CompletableFuture$Signaller done
Event: 0.370 loading class java/util/concurrent/ForkJoinWorkerThread
Event: 0.371 loading class java/util/concurrent/ForkJoinWorkerThread done
Event: 0.371 loading class java/lang/Thread$State
Event: 0.371 loading class java/lang/Thread$State done
Event: 0.371 Thread 0x00000202a33de610 Thread added: 0x00000202a33de610


Dynamic libraries:
0x00007ff7e0770000 - 0x00007ff7e077a000 	C:\Program Files\JetBrains\IntelliJ IDEA Community Edition 2022.3\jbr\bin\java.exe
0x00007ffc75fd0000 - 0x00007ffc761e4000 	C:\WINDOWS\SYSTEM32\ntdll.dll
0x00007ffc75090000 - 0x00007ffc75152000 	C:\WINDOWS\System32\KERNEL32.DLL
0x00007ffc739a0000 - 0x00007ffc73d43000 	C:\WINDOWS\System32\KERNELBASE.dll
0x00007ffc73620000 - 0x00007ffc73731000 	C:\WINDOWS\System32\ucrtbase.dll
0x00007ffc4a430000 - 0x00007ffc4a44b000 	C:\Program Files\JetBrains\IntelliJ IDEA Community Edition 2022.3\jbr\bin\VCRUNTIME140.dll
0x00007ffc563e0000 - 0x00007ffc563f7000 	C:\Program Files\JetBrains\IntelliJ IDEA Community Edition 2022.3\jbr\bin\jli.dll
0x00007ffc75240000 - 0x00007ffc753eb000 	C:\WINDOWS\System32\USER32.dll
0x00007ffc72620000 - 0x00007ffc728ae000 	C:\WINDOWS\WinSxS\amd64_microsoft.windows.common-controls_6595b64144ccf1df_6.0.22621.1635_none_270f70857386168e\COMCTL32.dll
0x00007ffc746f0000 - 0x00007ffc74797000 	C:\WINDOWS\System32\msvcrt.dll
0x00007ffc73850000 - 0x00007ffc73876000 	C:\WINDOWS\System32\win32u.dll
0x00007ffc75d80000 - 0x00007ffc75da9000 	C:\WINDOWS\System32\GDI32.dll
0x00007ffc73880000 - 0x00007ffc73998000 	C:\WINDOWS\System32\gdi32full.dll
0x00007ffc73740000 - 0x00007ffc737da000 	C:\WINDOWS\System32\msvcp_win.dll
0x00007ffc75050000 - 0x00007ffc75081000 	C:\WINDOWS\System32\IMM32.DLL
0x00007ffc72bc0000 - 0x00007ffc72bcc000 	C:\Program Files\JetBrains\IntelliJ IDEA Community Edition 2022.3\jbr\bin\vcruntime140_1.dll
0x00007ffc1c200000 - 0x00007ffc1c28d000 	C:\Program Files\JetBrains\IntelliJ IDEA Community Edition 2022.3\jbr\bin\msvcp140.dll
0x00007ffc011f0000 - 0x00007ffc01e5e000 	C:\Program Files\JetBrains\IntelliJ IDEA Community Edition 2022.3\jbr\bin\server\jvm.dll
0x00007ffc75ee0000 - 0x00007ffc75f8e000 	C:\WINDOWS\System32\ADVAPI32.dll
0x00007ffc75190000 - 0x00007ffc75234000 	C:\WINDOWS\System32\sechost.dll
0x00007ffc745d0000 - 0x00007ffc746e7000 	C:\WINDOWS\System32\RPCRT4.dll
0x00007ffc6c9a0000 - 0x00007ffc6c9aa000 	C:\WINDOWS\SYSTEM32\VERSION.dll
0x00007ffc56ec0000 - 0x00007ffc56ec9000 	C:\WINDOWS\SYSTEM32\WSOCK32.dll
0x00007ffc6d0b0000 - 0x00007ffc6d0e4000 	C:\WINDOWS\SYSTEM32\WINMM.dll
0x00007ffc75550000 - 0x00007ffc755c1000 	C:\WINDOWS\System32\WS2_32.dll
0x00007ffc71bd0000 - 0x00007ffc71be8000 	C:\WINDOWS\SYSTEM32\kernel.appcore.dll
0x00007ffc6e180000 - 0x00007ffc6e18a000 	C:\Program Files\JetBrains\IntelliJ IDEA Community Edition 2022.3\jbr\bin\jimage.dll
0x00007ffc72d70000 - 0x00007ffc72f9e000 	C:\WINDOWS\SYSTEM32\DBGHELP.DLL
0x00007ffc755d0000 - 0x00007ffc75959000 	C:\WINDOWS\System32\combase.dll
0x00007ffc75b10000 - 0x00007ffc75be7000 	C:\WINDOWS\System32\OLEAUT32.dll
0x00007ffc3a890000 - 0x00007ffc3a8c2000 	C:\WINDOWS\SYSTEM32\dbgcore.DLL
0x00007ffc73d50000 - 0x00007ffc73dcb000 	C:\WINDOWS\System32\bcryptPrimitives.dll
0x00007ffc57be0000 - 0x00007ffc57c05000 	C:\Program Files\JetBrains\IntelliJ IDEA Community Edition 2022.3\jbr\bin\java.dll
0x00007ffc57250000 - 0x00007ffc57268000 	C:\Program Files\JetBrains\IntelliJ IDEA Community Edition 2022.3\jbr\bin\zip.dll
0x00007ffc73dd0000 - 0x00007ffc745ca000 	C:\WINDOWS\System32\SHELL32.dll
0x00007ffc70980000 - 0x00007ffc7124e000 	C:\WINDOWS\SYSTEM32\windows.storage.dll
0x00007ffc70840000 - 0x00007ffc7097e000 	C:\WINDOWS\SYSTEM32\wintypes.dll
0x00007ffc75c80000 - 0x00007ffc75d71000 	C:\WINDOWS\System32\SHCORE.dll
0x00007ffc75db0000 - 0x00007ffc75e0e000 	C:\WINDOWS\System32\shlwapi.dll
0x00007ffc73320000 - 0x00007ffc73341000 	C:\WINDOWS\SYSTEM32\profapi.dll
0x00007ffc56f70000 - 0x00007ffc56f89000 	C:\Program Files\JetBrains\IntelliJ IDEA Community Edition 2022.3\jbr\bin\net.dll
0x00007ffc6c800000 - 0x00007ffc6c937000 	C:\WINDOWS\SYSTEM32\WINHTTP.dll
0x00007ffc71ff0000 - 0x00007ffc72059000 	C:\WINDOWS\system32\mswsock.dll
0x00007ffc56610000 - 0x00007ffc56626000 	C:\Program Files\JetBrains\IntelliJ IDEA Community Edition 2022.3\jbr\bin\nio.dll
0x00007ffc73090000 - 0x00007ffc730ab000 	C:\WINDOWS\SYSTEM32\CRYPTSP.dll
0x00007ffc72330000 - 0x00007ffc72365000 	C:\WINDOWS\system32\rsaenh.dll
0x00007ffc72060000 - 0x00007ffc72088000 	C:\WINDOWS\SYSTEM32\USERENV.dll
0x00007ffc72cb0000 - 0x00007ffc72cd8000 	C:\WINDOWS\SYSTEM32\bcrypt.dll
0x00007ffc72320000 - 0x00007ffc7232c000 	C:\WINDOWS\SYSTEM32\CRYPTBASE.dll
0x00007ffc716e0000 - 0x00007ffc7170d000 	C:\WINDOWS\SYSTEM32\IPHLPAPI.DLL
0x00007ffc75160000 - 0x00007ffc75169000 	C:\WINDOWS\System32\NSI.dll
0x00007ffc6c9b0000 - 0x00007ffc6c9c9000 	C:\WINDOWS\SYSTEM32\dhcpcsvc6.DLL
0x00007ffc6c470000 - 0x00007ffc6c48f000 	C:\WINDOWS\SYSTEM32\dhcpcsvc.DLL
0x00007ffc717a0000 - 0x00007ffc71893000 	C:\WINDOWS\SYSTEM32\DNSAPI.dll
0x00007ffc6e070000 - 0x00007ffc6e07e000 	C:\Program Files\JetBrains\IntelliJ IDEA Community Edition 2022.3\jbr\bin\sunmscapi.dll
0x00007ffc733f0000 - 0x00007ffc73557000 	C:\WINDOWS\System32\CRYPT32.dll
0x00007ffc728b0000 - 0x00007ffc728de000 	C:\WINDOWS\SYSTEM32\ncrypt.dll
0x00007ffc725e0000 - 0x00007ffc72617000 	C:\WINDOWS\SYSTEM32\NTASN1.dll
0x00007ffc12f30000 - 0x00007ffc12f38000 	C:\WINDOWS\system32\wshunix.dll

dbghelp: loaded successfully - version: 4.0.5 - missing functions: none
symbol engine: initialized successfully - sym options: 0x614 - pdb path: .;C:\Program Files\JetBrains\IntelliJ IDEA Community Edition 2022.3\jbr\bin;C:\WINDOWS\SYSTEM32;C:\WINDOWS\WinSxS\amd64_microsoft.windows.common-controls_6595b64144ccf1df_6.0.22621.1635_none_270f70857386168e;C:\Program Files\JetBrains\IntelliJ IDEA Community Edition 2022.3\jbr\bin\server

VM Arguments:
java_command: git4idea.http.GitAskPassApp Username for 'https://github.com': 
java_class_path (initial): C:/Program Files/JetBrains/IntelliJ IDEA Community Edition 2022.3/plugins/vcs-git/lib/git4idea-rt.jar;C:/Program Files/JetBrains/IntelliJ IDEA Community Edition 2022.3/lib/externalProcess-rt.jar
Launcher Type: SUN_STANDARD

[Global flags]
     intx CICompilerCount                          = 4                                         {product} {ergonomic}
     uint ConcGCThreads                            = 3                                         {product} {ergonomic}
     uint G1ConcRefinementThreads                  = 10                                        {product} {ergonomic}
   size_t G1HeapRegionSize                         = 2097152                                   {product} {ergonomic}
    uintx GCDrainStackTargetSize                   = 64                                        {product} {ergonomic}
   size_t InitialHeapSize                          = 268435456                                 {product} {ergonomic}
   size_t MarkStackSize                            = 4194304                                   {product} {ergonomic}
   size_t MaxHeapSize                              = 4276092928                                {product} {ergonomic}
   size_t MaxNewSize                               = 2564816896                                {product} {ergonomic}
   size_t MinHeapDeltaBytes                        = 2097152                                   {product} {ergonomic}
   size_t MinHeapSize                              = 8388608                                   {product} {ergonomic}
    uintx NonNMethodCodeHeapSize                   = 5839372                                {pd product} {ergonomic}
    uintx NonProfiledCodeHeapSize                  = 122909434                              {pd product} {ergonomic}
    uintx ProfiledCodeHeapSize                     = 122909434                              {pd product} {ergonomic}
    uintx ReservedCodeCacheSize                    = 251658240                              {pd product} {ergonomic}
     bool SegmentedCodeCache                       = true                                      {product} {ergonomic}
   size_t SoftMaxHeapSize                          = 4276092928                             {manageable} {ergonomic}
     bool UseCompressedClassPointers               = true                           {product lp64_product} {ergonomic}
     bool UseCompressedOops                        = true                           {product lp64_product} {ergonomic}
     bool UseG1GC                                  = true                                      {product} {ergonomic}
     bool UseLargePagesIndividualAllocation        = false                                  {pd product} {ergonomic}

Logging:
Log output configuration:
 #0: stdout all=warning uptime,level,tags
 #1: stderr all=off uptime,level,tags

Environment Variables:
JAVA_HOME=C:\Users\david\.jdks\corretto-19.0.2
PATH=C:/Program Files/Git/mingw64/libexec/git-core;C:/Program Files/Git/mingw64/libexec/git-core;C:\Program Files\Git\mingw64\bin;C:\Program Files\Git\usr\bin;C:\Users\david\bin;C:\Users\david\.jdks\corretto-19.0.2\bin;c:\python311\;c:\programdata\oracle\java\javapath;c:\windows\system32;c:\windows;c:\windows\system32\wbem;c:\windows\system32\windowspowershell\v1.0\;c:\program files\git\cmd;c:\users\david\anaconda3\scripts;c:\users\david\anaconda3\library\bin;c:\users\david\anaconda3;c:\users\david\appdata\local\microsoft\windowsapps;c:\users\david\appdata\local\programs\microsoft vs code\bin;c:\adb;c:\android;c:\program files\dotnet\;c:\program files\wureset;c:\windows\system32;c:\windows\system32\wbem;c:\windows\system32\windowspowershell\v1.0\;c:\windows\system32\openssh\;c:\users\david\appdata\roaming\pypoetry\venv\scripts\poetry;c:\users\david\appdata\local\programs\python\python310\scripts\;c:\users\david\appdata\local\programs\python\python310\;c:\android;c:\windows\system32;c:\program files\openssh;c:\programdata\chocolatey\bin;c:\windows\system32;c:\windows;c:\windows\system32\wbem;c:\windows\system32\windowspowershell\v1.0\;c:\program files\nvidia corporation\nvidia nvdlisr;c:\program files (x86)\nodejs\;c:\program files\docker\docker\resources\bin;C:\Program Files (x86)\NVIDIA Corporation\PhysX\Common;C:\Program Files\MongoDB\Server\6.0\bin;C:\Users\david\AppData\Local\Programs\Python\Python310\Scripts\;C:\Users\david\AppData\Local\Programs\Python\Python310\;C:\Users\david\AppData\Local\Programs\Python\Python311\Scripts\;C:\Users\david\AppData\Local\Programs\Python\Python311\;C:\Users\david\AppData\Local\Microsoft\WindowsApps;C:\Users\david\AppData\Local\Programs\Microsoft VS Code\bin;C:\Users\david\AppData\Roaming\npm
USERNAME=Davide
DISPLAY=:0.0
LC_ALL=en_US.UTF-8
TERM=cygwin
TMPDIR=C:\Users\david\AppData\Local\Temp
OS=Windows_NT
PROCESSOR_IDENTIFIER=AMD64 Family 23 Model 113 Stepping 0, AuthenticAMD
TMP=C:\Users\david\AppData\Local\Temp
TEMP=C:\Users\david\AppData\Local\Temp


JNI global refs:
JNI global refs: 19, weak refs: 0

JNI global refs memory usage: 843, weak refs: 209


---------------  S Y S T E M  ---------------

OS:
 Windows 11 , 64 bit Build 22621 (10.0.22621.1635)
OS uptime: 2 days 0:53 hours
Hyper-V role detected

CPU: total 12 (initial active 12) (12 cores per cpu, 2 threads per core) family 23 model 113 stepping 0 microcode 0x0, cx8, cmov, fxsr, ht, mmx, 3dnowpref, sse, sse2, sse3, ssse3, sse4a, sse4.1, sse4.2, popcnt, lzcnt, tsc, tscinvbit, avx, avx2, aes, clmul, bmi1, bmi2, adx, sha, fma, vzeroupper, clflush, clflushopt, hv

Memory: 4k page, system-wide physical 16309M (8324M free)
TotalPageFile size 28981M (AvailPageFile size 15714M)
current process WorkingSet (physical memory assigned to process): 62M, peak: 62M
current process commit charge ("private bytes"): 354M, peak: 354M

vm_info: OpenJDK 64-Bit Server VM (17.0.6+10-b829.9) for windows-amd64 JRE (17.0.6+10-b829.9), built on 2023-04-09 by "builduser" with MS VC++ 16.10 / 16.11 (VS2019)

END.
